The following names had no valid URLs. Tested URLs are listed below:
Name: A.Seza Doğruöz
Tested URLs:
  https://research.ugent.be/web/person/a.sezadogruoz-0/en
  https://research.ugent.be/web/person/dogruoz-a.seza-0/en
  https://research.ugent.be/web/person/a.seza-dogruoz-0/en
  https://research.ugent.be/web/person/a.seza-0/en

Name: Amber Geeraerts
Tested URLs:
  https://research.ugent.be/web/person/ambergeeraerts-0/en
  https://research.ugent.be/web/person/geeraerts-amber-0/en
  https://research.ugent.be/web/person/amber-geeraerts-0/en
  https://research.ugent.be/web/person/amber-0/en

Name: Anouk Devolder
Tested URLs:
  https://research.ugent.be/web/person/anoukdevolder-0/en
  https://research.ugent.be/web/person/devolder-anouk-0/en
  https://research.ugent.be/web/person/anouk-devolder-0/en
  https://research.ugent.be/web/person/anouk-0/en

Name: Baute Kimbry (Guest)
Tested URLs:
  https://research.ugent.be/web/person/bautekimbry-0/en
  https://research.ugent.be/web/person/kimbry-baute-0/en
  https://research.ugent.be/web/person/baute-kimbry-0/en
  https://research.ugent.be/web/person/baute-0/en

Name: Bryan Gonzales
Tested URLs:
  https://research.ugent.be/web/person/bryangonzales-0/en
  https://research.ugent.be/web/person/gonzales-bryan-0/en
  https://research.ugent.be/web/person/bryan-gonzales-0/en
  https://research.ugent.be/web/person/bryan-0/en

Name: Caroline De Backer
Tested URLs:
  https://research.ugent.be/web/person/carolinedebacker-0/en
  https://research.ugent.be/web/person/backer-caroline-de-0/en
  https://research.ugent.be/web/person/caroline-de-backer-0/en
  https://research.ugent.be/web/person/caroline-0/en

Name: Chloë De Witte
Tested URLs:
  https://research.ugent.be/web/person/chlo%C3%ABdewitte-0/en
  https://research.ugent.be/web/person/witte-chlo%C3%AB-de-0/en
  https://research.ugent.be/web/person/chlo%C3%AB-de-witte-0/en
  https://research.ugent.be/web/person/chlo%C3%AB-0/en

Name: De Backer Pieter (Guest)
Tested URLs:
  https://research.ugent.be/web/person/debackerpieter-0/en
  https://research.ugent.be/web/person/pieter-de-backer-0/en
  https://research.ugent.be/web/person/de-backer-pieter-0/en
  https://research.ugent.be/web/person/de-0/en

Name: De Naeyer Hélène (Guest)
Tested URLs:
  https://research.ugent.be/web/person/denaeyerhel%C3%A8ne-0/en
  https://research.ugent.be/web/person/hel%C3%A8ne-de-naeyer-0/en
  https://research.ugent.be/web/person/de-naeyer-hel%C3%A8ne-0/en
  https://research.ugent.be/web/person/de-0/en

Name: Ellen Goossens
Tested URLs:
  https://research.ugent.be/web/person/ellengoossens-0/en
  https://research.ugent.be/web/person/goossens-ellen-0/en
  https://research.ugent.be/web/person/ellen-goossens-0/en
  https://research.ugent.be/web/person/ellen-0/en

Name: Gabriël Cantaert
Tested URLs:
  https://research.ugent.be/web/person/gabri%C3%ABlcantaert-0/en
  https://research.ugent.be/web/person/cantaert-gabri%C3%ABl-0/en
  https://research.ugent.be/web/person/gabri%C3%ABl-cantaert-0/en
  https://research.ugent.be/web/person/gabri%C3%ABl-0/en

Name: Gabriële Holtappels
Tested URLs:
  https://research.ugent.be/web/person/gabri%C3%ABleholtappels-0/en
  https://research.ugent.be/web/person/holtappels-gabri%C3%ABle-0/en
  https://research.ugent.be/web/person/gabri%C3%ABle-holtappels-0/en
  https://research.ugent.be/web/person/gabri%C3%ABle-0/en

Name: Geert De Smet
Tested URLs:
  https://research.ugent.be/web/person/geertdesmet-0/en
  https://research.ugent.be/web/person/smet-geert-de-0/en
  https://research.ugent.be/web/person/geert-de-smet-0/en
  https://research.ugent.be/web/person/geert-0/en

Name: Hélène De Naeyer
Tested URLs:
  https://research.ugent.be/web/person/hel%C3%A8nedenaeyer-0/en
  https://research.ugent.be/web/person/naeyer-hel%C3%A8ne-de-0/en
  https://research.ugent.be/web/person/hel%C3%A8ne-de-naeyer-0/en
  https://research.ugent.be/web/person/hel%C3%A8ne-0/en

Name: Henri Van Overmeire
Tested URLs:
  https://research.ugent.be/web/person/henrivanovermeire-0/en
  https://research.ugent.be/web/person/overmeire-henri-van-0/en
  https://research.ugent.be/web/person/henri-van-overmeire-0/en
  https://research.ugent.be/web/person/henri-0/en

Name: Isabel Sandra
Tested URLs:
  https://research.ugent.be/web/person/isabelsandra-0/en
  https://research.ugent.be/web/person/sandra-isabel-0/en
  https://research.ugent.be/web/person/isabel-sandra-0/en
  https://research.ugent.be/web/person/isabel-0/en

Name: jokeverbeke (Guest)
Tested URLs:
  https://research.ugent.be/web/person/jokeverbeke-0/en
  https://research.ugent.be/web/person/jokeverbeke-0/en

Name: Jordy Bombeke
Tested URLs:
  https://research.ugent.be/web/person/jordybombeke-0/en
  https://research.ugent.be/web/person/bombeke-jordy-0/en
  https://research.ugent.be/web/person/jordy-bombeke-0/en
  https://research.ugent.be/web/person/jordy-0/en

Name: Katelijne De Meyere
Tested URLs:
  https://research.ugent.be/web/person/katelijnedemeyere-0/en
  https://research.ugent.be/web/person/meyere-katelijne-de-0/en
  https://research.ugent.be/web/person/katelijne-de-meyere-0/en
  https://research.ugent.be/web/person/katelijne-0/en

Name: Kirsty de Fluiter
Tested URLs:
  https://research.ugent.be/web/person/kirstydefluiter-0/en
  https://research.ugent.be/web/person/fluiter-kirsty-de-0/en
  https://research.ugent.be/web/person/kirsty-de-fluiter-0/en
  https://research.ugent.be/web/person/kirsty-0/en

Name: Leen De Rooms
Tested URLs:
  https://research.ugent.be/web/person/leenderooms-0/en
  https://research.ugent.be/web/person/rooms-leen-de-0/en
  https://research.ugent.be/web/person/leen-de-rooms-0/en
  https://research.ugent.be/web/person/leen-0/en

Name: Lode Sabbe
Tested URLs:
  https://research.ugent.be/web/person/lodesabbe-0/en
  https://research.ugent.be/web/person/sabbe-lode-0/en
  https://research.ugent.be/web/person/lode-sabbe-0/en
  https://research.ugent.be/web/person/lode-0/en

Name: Nele Kellens
Tested URLs:
  https://research.ugent.be/web/person/nelekellens-0/en
  https://research.ugent.be/web/person/kellens-nele-0/en
  https://research.ugent.be/web/person/nele-kellens-0/en
  https://research.ugent.be/web/person/nele-0/en

Name: Niki Rashidian
Tested URLs:
  https://research.ugent.be/web/person/nikirashidian-0/en
  https://research.ugent.be/web/person/rashidian-niki-0/en
  https://research.ugent.be/web/person/niki-rashidian-0/en
  https://research.ugent.be/web/person/niki-0/en

Name: Ophélie Van Tulden
Tested URLs:
  https://research.ugent.be/web/person/ophelievantulden-0/en
  https://research.ugent.be/web/person/tulden-ophelie-van-0/en
  https://research.ugent.be/web/person/ophelie-van-tulden-0/en
  https://research.ugent.be/web/person/ophelie-0/en

Name: Peter Van den Berghe
Tested URLs:
  https://research.ugent.be/web/person/petervandenberghe-0/en
  https://research.ugent.be/web/person/berghe-peter-van-den-0/en
  https://research.ugent.be/web/person/peter-van-den-berghe-0/en
  https://research.ugent.be/web/person/peter-0/en

Name: Sabbe Lode (Guest)
Tested URLs:
  https://research.ugent.be/web/person/sabbelode-0/en
  https://research.ugent.be/web/person/lode-sabbe-0/en
  https://research.ugent.be/web/person/sabbe-lode-0/en
  https://research.ugent.be/web/person/sabbe-0/en

Name: Saïd Hachimi Idrissi
Tested URLs:
  https://research.ugent.be/web/person/sa%C3%AFdhachimiidrissi-0/en
  https://research.ugent.be/web/person/idrissi-sa%C3%AFd-hachimi-0/en
  https://research.ugent.be/web/person/sa%C3%AFd-hachimi-idrissi-0/en
  https://research.ugent.be/web/person/sa%C3%AFd-0/en

Name: Sofie Lang
Tested URLs:
  https://research.ugent.be/web/person/sofielang-0/en
  https://research.ugent.be/web/person/lang-sofie-0/en
  https://research.ugent.be/web/person/sofie-lang-0/en
  https://research.ugent.be/web/person/sofie-0/en

Name: Sofie Vanrobaeys
Tested URLs:
  https://research.ugent.be/web/person/sofievanrobaeys-0/en
  https://research.ugent.be/web/person/vanrobaeys-sofie-0/en
  https://research.ugent.be/web/person/sofie-vanrobaeys-0/en
  https://research.ugent.be/web/person/sofie-0/en

Name: Steven Vervaeke
Tested URLs:
  https://research.ugent.be/web/person/stevenvervaeke-0/en
  https://research.ugent.be/web/person/vervaeke-steven-0/en
  https://research.ugent.be/web/person/steven-vervaeke-0/en
  https://research.ugent.be/web/person/steven-0/en

Name: Terryn Stefanie (Guest)
Tested URLs:
  https://research.ugent.be/web/person/terrynstefanie-0/en
  https://research.ugent.be/web/person/stefanie-terryn-0/en
  https://research.ugent.be/web/person/terryn-stefanie-0/en
  https://research.ugent.be/web/person/terryn-0/en

Name: Tom Hoebeke
Tested URLs:
  https://research.ugent.be/web/person/tomhoebeke-0/en
  https://research.ugent.be/web/person/hoebeke-tom-0/en
  https://research.ugent.be/web/person/tom-hoebeke-0/en
  https://research.ugent.be/web/person/tom-0/en

